<?xml version="1.0" encoding="UTF-8"?>
<!-- Generated by org.testng.reporters.JUnitXMLReporter -->
<testsuite hostname="DESKTOP-B16COSM" ignored="0" name="Test" tests="8" failures="0" timestamp="24 Sep 2020 13:55:52 GMT" time="217.826" errors="0">
  <testcase name="homePageHeaderTest" time="3.816" classname="com.qa.hubspot.test.HomePageTest"/>
  <testcase name="homePageTitleTest" time="0.029" classname="com.qa.hubspot.test.HomePageTest"/>
  <testcase name="titleTest" time="6.475" classname="com.qa.hubspot.test.LoginPageTest"/>
  <testcase name="contactsPageTitleTest" time="0.149" classname="com.qa.hubspot.test.ContactsPageTest"/>
  <testcase name="loginTest" time="12.978" classname="com.qa.hubspot.test.LoginPageTest"/>
  <testcase name="verifyCreateNewContacts" time="32.066" classname="com.qa.hubspot.test.ContactsPageTest"/>
  <testcase name="verifyCreateNewContacts" time="28.949" classname="com.qa.hubspot.test.ContactsPageTest"/>
  <testcase name="verifyCreateNewContacts" time="25.035" classname="com.qa.hubspot.test.ContactsPageTest"/>
</testsuite> <!-- Test -->
